Arguments: 
  /usr/local/bin/node /usr/local/Cellar/yarn/1.21.1/libexec/bin/yarn.js run dev

PATH: 
  /usr/local/bin:/usr/bin:/bin:/usr/sbin:/sbin:/usr/local/go/bin

Yarn version: 
  1.21.1

Node version: 
  12.14.1

Platform: 
  darwin x64

Trace: 
  SyntaxError: /Users/xuekaiqi/Documents/workspace/awesomeTS/package.json: Unexpected token } in JSON at position 267
      at JSON.parse (<anonymous>)
      at /usr/local/Cellar/yarn/1.21.1/libexec/lib/cli.js:1625:59
      at Generator.next (<anonymous>)
      at step (/usr/local/Cellar/yarn/1.21.1/libexec/lib/cli.js:310:30)
      at /usr/local/Cellar/yarn/1.21.1/libexec/lib/cli.js:321:13

npm manifest: 
  {
    "name": "awesomeTS",
    "version": "1.0.0",
    "description": "",
    "main": "index.js",
    "scripts": {
      "dev:build": "tsc -w",
      "dev:start": "nodemon node ./build/index.js",
      "dev": "tsc && concurrently npm:dev:*",
      "start": "ts-node learn/index.ts",
    },
    "nodemonConfig": {
      "ignore": [
        "data/*"
      ]
    },
    "keywords": [
      "TS",
      "TypeScript",
      "crowller"
    ],
    "author": "AqingCyan",
    "license": "MIT",
    "dependencies": {
      "@types/cheerio": "^0.22.16",
      "@types/cookie-session": "^2.0.38",
      "@types/express": "^4.17.2",
      "body-parser": "^1.19.0",
      "cheerio": "^1.0.0-rc.3",
      "cookie-session": "^1.4.0",
      "express": "^4.17.1",
      "nodemon": "^2.0.2",
      "reflect-metadata": "^0.1.13",
      "superagent": "^5.2.1",
      "ts-node": "^8.6.2",
      "typescript": "^3.7.5"
    },
    "devDependencies": {
      "@types/superagent": "^4.1.7",
      "@typescript-eslint/eslint-plugin": "^2.19.2",
      "@typescript-eslint/parser": "^2.19.2",
      "concurrently": "^5.1.0",
      "eslint": "^6.8.0",
      "eslint-config-airbnb": "^18.0.1",
      "eslint-config-airbnb-base": "^14.0.0",
      "eslint-plugin-import": "^2.20.1",
      "eslint-plugin-jsx-a11y": "^6.2.3",
      "eslint-plugin-react": "^7.18.3",
      "eslint-plugin-react-hooks": "^1.7.0"
    }
  }

yarn manifest: 
  No manifest

Lockfile: 
  No lockfile
